[2013-05-25 15:29:32] START
[2013-05-25 15:33:19] EDIT Music/controllers/default.py: 0
[2013-05-25 15:34:21] EDIT Music/controllers/default.py: 0
[2013-05-25 15:34:22] EDIT Music/controllers/default.py: 0
[2013-05-25 15:34:22] EDIT Music/controllers/default.py: 0
[2013-05-25 15:34:23] EDIT Music/controllers/default.py: 0
[2013-05-25 15:34:23] EDIT Music/controllers/default.py: 0
[2013-05-25 15:34:23] EDIT Music/controllers/default.py: 0
[2013-05-25 15:34:23] EDIT Music/controllers/default.py: 0
[2013-05-25 15:35:38] EDIT Music/views/default/index.html: -26
[2013-05-25 15:36:39] EDIT Music/controllers/default.py: -1
[2013-05-25 15:40:34] EDIT Music/views/default/index.html: 1
[2013-05-25 15:43:17] EDIT Music/controllers/default.py: 4
[2013-05-25 15:45:16] EDIT Music/controllers/default.py: -3
[2013-05-25 15:46:01] EDIT Music/views/default/index.html: 0
[2013-05-25 15:48:03] EDIT Music/views/default/index.html: 1
[2013-05-25 15:48:37] CREATE default/first.html: 0
[2013-05-25 15:50:08] EDIT Music/views/default/first.html: 3
[2013-05-25 15:50:23] CREATE second.html: 0
[2013-05-25 15:51:21] EDIT Music/views/second.html: -1
[2013-05-25 15:51:38] DELETE Music/views/second.html: -2
[2013-05-25 15:51:51] CREATE default/second.html: 0
[2013-05-25 15:52:22] EDIT Music/views/default/second.html: -1
[2013-05-25 15:52:27] EDIT Music/views/default/first.html: 0
[2013-05-25 15:53:40] EDIT Music/controllers/default.py: 4
[2013-05-25 15:54:20] EDIT Music/views/default/first.html: 0
[2013-05-25 15:55:51] EDIT Music/models/menu.py: 0
[2013-05-25 15:56:30] EDIT Music/models/menu.py: 0
[2013-05-25 15:56:46] EDIT Music/models/menu.py: 0
[2013-05-25 16:00:26] EDIT Music/controllers/default.py: 3
[2013-05-25 16:00:37] EDIT Music/controllers/default.py: 0
[2013-05-25 16:01:01] EDIT Music/views/default/first.html: 0
[2013-05-25 16:01:33] EDIT Music/views/default/second.html: 0
